start: gotoend
accept: ac
reject: rj
blank: _
gotoend _ -> check1 _ <
gotoend 1 -> gotoend 1 >
gotoend 0 -> gotoend 0 >
gotoend + -> gotoend + >
check1 0 -> check10 0 <
check1 1 -> find1 0 <
check1 + -> remove + ^
find1 0 -> find1 0 <
find1 1 -> find1 1 <
find1 + -> change1 + <
change1 0 -> gotoend 1 >
change1 1 -> change1 0 <
change1 _ -> gotoend 1 >
check10 0 -> check100 0 <
check10 1 -> find10 0 <
check10 + -> remove + ^
find10 0 -> find10 0 <
find10 1 -> find10 1 <
find10 + -> change10 + <
change10 0 -> change1 0 <
change10 1 -> change1 1 <
change10 _ -> change1 0 <
check100 0 -> check1000 0 <
check100 1 -> find100 0 <
check100 + -> remove + ^
find100 0 -> find100 0 <
find100 1 -> find100 1 <
find100 + -> change100 + <
change100 0 -> change10 0 <
change100 1 -> change10 1 <
change100 _ -> change10 0 <
check1000 0 -> check10000 0 <
check1000 1 -> find1000 0 <
check1000 + -> remove + ^
find1000 0 -> find1000 0 <
find1000 1 -> find1000 1 <
find1000 + -> change1000 + <
change1000 0 -> change100 0 <
change1000 1 -> change100 1 <
change1000 _ -> change100 0 <
check10000 0 -> check100000 0 <
check10000 1 -> find10000 0 <
check10000 + -> remove + ^
find10000 0 -> find10000 0 <
find10000 1 -> find10000 1 <
find10000 + -> change10000 + <
change10000 0 -> change1000 0 <
change10000 1 -> change1000 1 <
change10000 _ -> change1000 0 <
check100000 0 -> check1000000 0 <
check100000 1 -> find100000 0 <
check100000 + -> remove + ^
find100000 0 -> find100000 0 <
find100000 1 -> find100000 1 <
find100000 + -> change100000 + <
change100000 0 -> change10000 0 <
change100000 1 -> change10000 1 <
change100000 _ -> change10000 0 <
check1000000 0 -> check10000000 0 <
check1000000 1 -> find1000000 0 <
check1000000 + -> remove + ^
find1000000 0 -> find1000000 0 <
find1000000 1 -> find1000000 1 <
find1000000 + -> change1000000 + <
change1000000 0 -> change100000 0 <
change1000000 1 -> change100000 1 <
change1000000 _ -> change100000 0 <
check10000000 0 -> check100000000 0 <
check10000000 1 -> find10000000 0 <
check10000000 + -> remove + ^
find10000000 0 -> find10000000 0 <
find10000000 1 -> find10000000 1 <
find10000000 + -> change10000000 + <
change10000000 0 -> change1000000 0 <
change10000000 1 -> change1000000 1 <
change10000000 _ -> change1000000 0 <
check100000000 0 -> check1000000000 0 <
check100000000 1 -> find100000000 0 <
check100000000 + -> remove + ^
find100000000 0 -> find100000000 0 <
find100000000 1 -> find100000000 1 <
find100000000 + -> change100000000 + <
change100000000 0 -> change10000000 0 <
change100000000 1 -> change10000000 1 <
change100000000 _ -> change10000000 0 <
check1000000000 0 -> check10000000000 0 <
check1000000000 1 -> find1000000000 0 <
check1000000000 + -> remove + ^
find1000000000 0 -> find1000000000 0 <
find1000000000 1 -> find1000000000 1 <
find1000000000 + -> change1000000000 + <
change1000000000 0 -> change100000000 0 <
change1000000000 1 -> change100000000 1 <
change1000000000 _ -> change100000000 0 <
check10000000000 0 -> check100000000000 0 <
check10000000000 1 -> find10000000000 0 <
check10000000000 + -> remove + ^
find10000000000 0 -> find10000000000 0 <
find10000000000 1 -> find10000000000 1 <
find10000000000 + -> change10000000000 + <
change10000000000 0 -> change1000000000 0 <
change10000000000 1 -> change1000000000 1 <
change10000000000 _ -> change1000000000 0 <
check100000000000 0 -> check1000000000000 0 <
check100000000000 1 -> find100000000000 0 <
check100000000000 + -> remove + ^
find100000000000 0 -> find100000000000 0 <
find100000000000 1 -> find100000000000 1 <
find100000000000 + -> change100000000000 + <
change100000000000 0 -> change10000000000 0 <
change100000000000 1 -> change10000000000 1 <
change100000000000 _ -> change10000000000 0 <
check1000000000000 0 -> check10000000000000 0 <
check1000000000000 1 -> find1000000000000 0 <
check1000000000000 + -> remove + ^
find1000000000000 0 -> find1000000000000 0 <
find1000000000000 1 -> find1000000000000 1 <
find1000000000000 + -> change1000000000000 + <
change1000000000000 0 -> change100000000000 0 <
change1000000000000 1 -> change100000000000 1 <
change1000000000000 _ -> change100000000000 0 <
check10000000000000 0 -> check100000000000000 0 <
check10000000000000 1 -> find10000000000000 0 <
check10000000000000 + -> remove + ^
find10000000000000 0 -> find10000000000000 0 <
find10000000000000 1 -> find10000000000000 1 <
find10000000000000 + -> change10000000000000 + <
change10000000000000 0 -> change1000000000000 0 <
change10000000000000 1 -> change1000000000000 1 <
change10000000000000 _ -> change1000000000000 0 <
check100000000000000 0 -> check1000000000000000 0 <
check100000000000000 1 -> find100000000000000 0 <
check100000000000000 + -> remove + ^
find100000000000000 0 -> find100000000000000 0 <
find100000000000000 1 -> find100000000000000 1 <
find100000000000000 + -> change100000000000000 + <
change100000000000000 0 -> change10000000000000 0 <
change100000000000000 1 -> change10000000000000 1 <
change100000000000000 _ -> change10000000000000 0 <
check1000000000000000 0 -> check10000000000000000 0 <
check1000000000000000 1 -> find1000000000000000 0 <
check1000000000000000 + -> remove + ^
find1000000000000000 0 -> find1000000000000000 0 <
find1000000000000000 1 -> find1000000000000000 1 <
find1000000000000000 + -> change1000000000000000 + <
change1000000000000000 0 -> change100000000000000 0 <
change1000000000000000 1 -> change100000000000000 1 <
change1000000000000000 _ -> change100000000000000 0 <
check10000000000000000 0 -> check100000000000000000 0 <
check10000000000000000 1 -> find10000000000000000 0 <
check10000000000000000 + -> remove + ^
find10000000000000000 0 -> find10000000000000000 0 <
find10000000000000000 1 -> find10000000000000000 1 <
find10000000000000000 + -> change10000000000000000 + <
change10000000000000000 0 -> change1000000000000000 0 <
change10000000000000000 1 -> change1000000000000000 1 <
change10000000000000000 _ -> change1000000000000000 0 <
remove + -> remove + >
remove 1 -> remove _ >
remove 0 -> remove _ >
remove _ -> back _ ^
back _ -> back _ <
back + -> start _ <
back 0 -> start 0 ^
back 1 -> start 1 ^
start _ -> ac _ >
start 1 -> start 1 <
start 0 -> start 0 <
