start: checking
accept: ac
reject: rj
blank: _

checking 0 -> reeem 0 >
reeem * -> reeem _ >
reeem 1 -> reeem _ >
reeem 0 -> reeem _ >
reeem _ -> bagan _ <
bagan _ -> bagan _ <
bagan 0 -> ac 0 ^ 
checking 1 -> write0+ 1 ^

write0+ 1 -> write0+ 1 >
write0+ 0 -> write0+ 0 >
write0+ * -> write0+ * >
write0+ _ -> write0+' _ >
write0+' _ -> write0+'' 0 >
write0+'' _ -> write0+''' + ^
write0+''' + -> buck + <
buck 0 -> buck 0 <
buck _ -> buck' _ <
buck' 1 -> buck' 1 <
buck' 0 -> buck' 0 <
buck' * -> buck' * <
buck' _ -> gotoend _ >

gotoend _ -> check1 _ <
gotoend 1 -> gotoend 1 >
gotoend p1 -> gotoend p1 >
gotoend 0 -> gotoend 0 >
gotoend * -> gotoend * >

check1 0 -> check10 0 <
check1 1 -> find p1 <
check1 p1 -> go1 0 >
check1 * -> rm * <

go1 1 -> go1 1 >
go1 p1 -> go1 p1 >
go1 0 -> go1 0 >
go1 p0 -> go1 p0 >
go1 _ -> print1 _ >

print1 1 -> print1 1 >
print1 0 -> print1 0 >
print1 + -> print1 + >
print1 _ -> sss + ^

sss 1 -> sss 1 <
sss 0 -> sss 0 <
sss + -> sss + <
sss _ -> check1 _ <

check10 0 -> check100 0 <
check10 1 -> find p1 <
check10 p1 -> go10 0 >
check10 * -> rm * <
go10 p1 -> go10 p1 >
go10 p0 -> go10 p0 >
go10 0 -> go10 0 >
go10 1 -> go10 1 >
go10 _ -> print10 _ >
print10 1 -> print10 1 >
print10 0 -> print10 0 >
print10 + -> print10 + >
print10 _ -> print1 0 >
check100 0 -> check1000 0 <
check100 1 -> find p1 <
check100 p1 -> go100 0 >
check100 * -> rm * <
go100 p1 -> go100 p1 >
go100 p0 -> go100 p0 >
go100 0 -> go100 0 >
go100 1 -> go100 1 >
go100 _ -> print100 _ >
print100 1 -> print100 1 >
print100 0 -> print100 0 >
print100 + -> print100 + >
print100 _ -> print10 0 >
check1000 0 -> check10000 0 <
check1000 1 -> find p1 <
check1000 p1 -> go1000 0 >
check1000 * -> rm * <
go1000 p1 -> go1000 p1 >
go1000 p0 -> go1000 p0 >
go1000 0 -> go1000 0 >
go1000 1 -> go1000 1 >
go1000 _ -> print1000 _ >
print1000 1 -> print1000 1 >
print1000 0 -> print1000 0 >
print1000 + -> print1000 + >
print1000 _ -> print100 0 >
check10000 0 -> check100000 0 <
check10000 1 -> find p1 <
check10000 p1 -> go10000 0 >
check10000 * -> rm * <
go10000 p1 -> go10000 p1 >
go10000 p0 -> go10000 p0 >
go10000 0 -> go10000 0 >
go10000 1 -> go10000 1 >
go10000 _ -> print10000 _ >
print10000 1 -> print10000 1 >
print10000 0 -> print10000 0 >
print10000 + -> print10000 + >
print10000 _ -> print1000 0 >
check100000 0 -> check1000000 0 <
check100000 1 -> find p1 <
check100000 p1 -> go100000 0 >
check100000 * -> rm * <
go100000 p1 -> go100000 p1 >
go100000 p0 -> go100000 p0 >
go100000 0 -> go100000 0 >
go100000 1 -> go100000 1 >
go100000 _ -> print100000 _ >
print100000 1 -> print100000 1 >
print100000 0 -> print100000 0 >
print100000 + -> print100000 + >
print100000 _ -> print10000 0 >
check1000000 0 -> check10000000 0 <
check1000000 1 -> find p1 <
check1000000 p1 -> go1000000 0 >
check1000000 * -> rm * <
go1000000 p1 -> go1000000 p1 >
go1000000 p0 -> go1000000 p0 >
go1000000 0 -> go1000000 0 >
go1000000 1 -> go1000000 1 >
go1000000 _ -> print1000000 _ >
print1000000 1 -> print1000000 1 >
print1000000 0 -> print1000000 0 >
print1000000 + -> print1000000 + >
print1000000 _ -> print100000 0 >
check10000000 0 -> check100000000 0 <
check10000000 1 -> find p1 <
check10000000 p1 -> go10000000 0 >
check10000000 * -> rm * <
go10000000 p1 -> go10000000 p1 >
go10000000 p0 -> go10000000 p0 >
go10000000 0 -> go10000000 0 >
go10000000 1 -> go10000000 1 >
go10000000 _ -> print10000000 _ >
print10000000 1 -> print10000000 1 >
print10000000 0 -> print10000000 0 >
print10000000 + -> print10000000 + >
print10000000 _ -> print1000000 0 >
check100000000 0 -> check1000000000 0 <
check100000000 1 -> find p1 <
check100000000 p1 -> go100000000 0 >
check100000000 * -> rm * <
go100000000 p1 -> go100000000 p1 >
go100000000 p0 -> go100000000 p0 >
go100000000 0 -> go100000000 0 >
go100000000 1 -> go100000000 1 >
go100000000 _ -> print100000000 _ >
print100000000 1 -> print100000000 1 >
print100000000 0 -> print100000000 0 >
print100000000 + -> print100000000 + >
print100000000 _ -> print10000000 0 >
check1000000000 0 -> check10000000000 0 <
check1000000000 1 -> find p1 <
check1000000000 p1 -> go1000000000 0 >
check1000000000 * -> rm * <
go1000000000 p1 -> go1000000000 p1 >
go1000000000 p0 -> go1000000000 p0 >
go1000000000 0 -> go1000000000 0 >
go1000000000 1 -> go1000000000 1 >
go1000000000 _ -> print1000000000 _ >
print1000000000 1 -> print1000000000 1 >
print1000000000 0 -> print1000000000 0 >
print1000000000 + -> print1000000000 + >
print1000000000 _ -> print100000000 0 >
check10000000000 0 -> check100000000000 0 <
check10000000000 1 -> find p1 <
check10000000000 p1 -> go10000000000 0 >
check10000000000 * -> rm * <
go10000000000 p1 -> go10000000000 p1 >
go10000000000 p0 -> go10000000000 p0 >
go10000000000 0 -> go10000000000 0 >
go10000000000 1 -> go10000000000 1 >
go10000000000 _ -> print10000000000 _ >
print10000000000 1 -> print10000000000 1 >
print10000000000 0 -> print10000000000 0 >
print10000000000 + -> print10000000000 + >
print10000000000 _ -> print1000000000 0 >
check100000000000 0 -> check1000000000000 0 <
check100000000000 1 -> find p1 <
check100000000000 p1 -> go100000000000 0 >
check100000000000 * -> rm * <
go100000000000 p1 -> go100000000000 p1 >
go100000000000 p0 -> go100000000000 p0 >
go100000000000 0 -> go100000000000 0 >
go100000000000 1 -> go100000000000 1 >
go100000000000 _ -> print100000000000 _ >
print100000000000 1 -> print100000000000 1 >
print100000000000 0 -> print100000000000 0 >
print100000000000 + -> print100000000000 + >
print100000000000 _ -> print10000000000 0 >
check1000000000000 0 -> check10000000000000 0 <
check1000000000000 1 -> find p1 <
check1000000000000 p1 -> go1000000000000 0 >
check1000000000000 * -> rm * <
go1000000000000 p1 -> go1000000000000 p1 >
go1000000000000 p0 -> go1000000000000 p0 >
go1000000000000 0 -> go1000000000000 0 >
go1000000000000 1 -> go1000000000000 1 >
go1000000000000 _ -> print1000000000000 _ >
print1000000000000 1 -> print1000000000000 1 >
print1000000000000 0 -> print1000000000000 0 >
print1000000000000 + -> print1000000000000 + >
print1000000000000 _ -> print100000000000 0 >
check10000000000000 0 -> check100000000000000 0 <
check10000000000000 1 -> find p1 <
check10000000000000 p1 -> go10000000000000 0 >
check10000000000000 * -> rm * <
go10000000000000 p1 -> go10000000000000 p1 >
go10000000000000 p0 -> go10000000000000 p0 >
go10000000000000 0 -> go10000000000000 0 >
go10000000000000 1 -> go10000000000000 1 >
go10000000000000 _ -> print10000000000000 _ >
print10000000000000 1 -> print10000000000000 1 >
print10000000000000 0 -> print10000000000000 0 >
print10000000000000 + -> print10000000000000 + >
print10000000000000 _ -> print1000000000000 0 >
check100000000000000 0 -> check1000000000000000 0 <
check100000000000000 1 -> find p1 <
check100000000000000 p1 -> go100000000000000 0 >
check100000000000000 * -> rm * <
go100000000000000 p1 -> go100000000000000 p1 >
go100000000000000 p0 -> go100000000000000 p0 >
go100000000000000 0 -> go100000000000000 0 >
go100000000000000 1 -> go100000000000000 1 >
go100000000000000 _ -> print100000000000000 _ >
print100000000000000 1 -> print100000000000000 1 >
print100000000000000 0 -> print100000000000000 0 >
print100000000000000 + -> print100000000000000 + >
print100000000000000 _ -> print10000000000000 0 >
check1000000000000000 0 -> check10000000000000000 0 <
check1000000000000000 1 -> find p1 <
check1000000000000000 p1 -> go1000000000000000 0 >
check1000000000000000 * -> rm * <
go1000000000000000 p1 -> go1000000000000000 p1 >
go1000000000000000 p0 -> go1000000000000000 p0 >
go1000000000000000 0 -> go1000000000000000 0 >
go1000000000000000 1 -> go1000000000000000 1 >
go1000000000000000 _ -> print1000000000000000 _ >
print1000000000000000 1 -> print1000000000000000 1 >
print1000000000000000 0 -> print1000000000000000 0 >
print1000000000000000 + -> print1000000000000000 + >
print1000000000000000 _ -> print100000000000000 0 >
check10000000000000000 0 -> check100000000000000000 0 <
check10000000000000000 1 -> find p1 <
check10000000000000000 p1 -> go10000000000000000 0 >
check10000000000000000 * -> rm * <
go10000000000000000 p1 -> go10000000000000000 p1 >
go10000000000000000 p0 -> go10000000000000000 p0 >
go10000000000000000 0 -> go10000000000000000 0 >
go10000000000000000 1 -> go10000000000000000 1 >
go10000000000000000 _ -> print10000000000000000 _ >
print10000000000000000 1 -> print10000000000000000 1 >
print10000000000000000 0 -> print10000000000000000 0 >
print10000000000000000 + -> print10000000000000000 + >
print10000000000000000 _ -> print1000000000000000 0 >
check100000000000000000 0 -> check1000000000000000000 0 <
check100000000000000000 1 -> find p1 <
check100000000000000000 p1 -> go100000000000000000 0 >
check100000000000000000 * -> rm * <
go100000000000000000 p1 -> go100000000000000000 p1 >
go100000000000000000 p0 -> go100000000000000000 p0 >
go100000000000000000 0 -> go100000000000000000 0 >
go100000000000000000 1 -> go100000000000000000 1 >
go100000000000000000 _ -> print100000000000000000 _ >
print100000000000000000 1 -> print100000000000000000 1 >
print100000000000000000 0 -> print100000000000000000 0 >
print100000000000000000 + -> print100000000000000000 + >
print100000000000000000 _ -> print10000000000000000 0 >
check1000000000000000000 0 -> check10000000000000000000 0 <
check1000000000000000000 1 -> find p1 <
check1000000000000000000 p1 -> go1000000000000000000 0 >
check1000000000000000000 * -> rm * <
go1000000000000000000 p1 -> go1000000000000000000 p1 >
go1000000000000000000 p0 -> go1000000000000000000 p0 >
go1000000000000000000 0 -> go1000000000000000000 0 >
go1000000000000000000 1 -> go1000000000000000000 1 >
go1000000000000000000 _ -> print1000000000000000000 _ >
print1000000000000000000 1 -> print1000000000000000000 1 >
print1000000000000000000 0 -> print1000000000000000000 0 >
print1000000000000000000 + -> print1000000000000000000 + >
print1000000000000000000 _ -> print100000000000000000 0 >
check10000000000000000000 0 -> check100000000000000000000 0 <
check10000000000000000000 1 -> find p1 <
check10000000000000000000 p1 -> go10000000000000000000 0 >
check10000000000000000000 * -> rm * <
go10000000000000000000 p1 -> go10000000000000000000 p1 >
go10000000000000000000 p0 -> go10000000000000000000 p0 >
go10000000000000000000 0 -> go10000000000000000000 0 >
go10000000000000000000 1 -> go10000000000000000000 1 >
go10000000000000000000 _ -> print10000000000000000000 _ >
print10000000000000000000 1 -> print10000000000000000000 1 >
print10000000000000000000 0 -> print10000000000000000000 0 >
print10000000000000000000 + -> print10000000000000000000 + >
print10000000000000000000 _ -> print1000000000000000000 0 >

find 0 -> find 0 <
find 1 -> find 1 <
find p1 -> find p1 <
find p0 -> find p0 <
find * -> find * <
find _ -> move _ >

move p1 -> move p1 >
move p0 -> move p0 >
move * -> rename * <
rename p0 -> rename 0 <
rename p1 -> rename 1 <
rename _ -> gotoend _ >

move 1 -> f1 p1 >
f1 0 -> f1 0 >
f1 1 -> f1 1 >
f1 p1 -> f1 p1 >
f1 p0 -> f1 p0 >
f1 * -> f1 * >
f1 _ -> f11 _ >
f11 _ -> ssss 1 <
f11 1 -> f11 1 >
f11 0 -> f11 0 >
f11 + -> f11 + >

move 0 -> f0 p0 >
f0 0 -> f0 0 >
f0 1 -> f0 1 >
f0 p1 -> f0 p1 >
f0 p0 -> f0 p0 >
f0 * -> f0 * >
f0 _ -> f00 _ >
f00 _ -> ssss 0 <
f00 1 -> f00 1 >
f00 0 -> f00 0 >
f00 + -> f00 + >

ssss 1 -> ssss 1 <
ssss 0 -> ssss 0 <
ssss + -> ssss + <
ssss _ -> find _ <

rm 0 -> rm 0 <
rm 1 -> rm 1 <
rm _ -> rm' _ >
rm' 0 -> rm' _ >
rm' 1 -> rm' _ >
rm' * -> rm' _ >
rm' _ -> sum _ >

sum + -> sum' + >
sum 1 -> sum 1 >
sum 0 -> sum 0 >
sum' 1 -> sum' 1 >
sum' 0 -> sum' 0 >
sum' + -> check1' + <
sum' _ -> rem _ <
rem + -> rem _ <
rem 1 -> rem 1 <
rem 0 -> rem 0 <
rem _ -> ac _ >
check1' 0 -> check10' 0 <
check1' 1 -> find1 0 <
check1' + -> remove _ >
find1 0 -> find1 0 <
find1 1 -> find1 1 <
find1 + -> change1 + <
change1 0 -> sum 1 >
change1 1 -> change1 0 <
change1 _ -> sum 1 >

check10' 0 -> check100' 0 <
check10' 1 -> find10 0 <
check10' + -> remove _ >
find10 0 -> find10 0 <
find10 1 -> find10 1 <
find10 + -> change10 + <
change10 0 -> change1 0 <
change10 1 -> change1 1 <
change10 _ -> change1 0 <
check100' 0 -> check1000' 0 <
check100' 1 -> find100 0 <
check100' + -> remove _ >
find100 0 -> find100 0 <
find100 1 -> find100 1 <
find100 + -> change100 + <
change100 0 -> change10 0 <
change100 1 -> change10 1 <
change100 _ -> change10 0 <
check1000' 0 -> check10000' 0 <
check1000' 1 -> find1000 0 <
check1000' + -> remove _ >
find1000 0 -> find1000 0 <
find1000 1 -> find1000 1 <
find1000 + -> change1000 + <
change1000 0 -> change100 0 <
change1000 1 -> change100 1 <
change1000 _ -> change100 0 <
check10000' 0 -> check100000' 0 <
check10000' 1 -> find10000 0 <
check10000' + -> remove _ >
find10000 0 -> find10000 0 <
find10000 1 -> find10000 1 <
find10000 + -> change10000 + <
change10000 0 -> change1000 0 <
change10000 1 -> change1000 1 <
change10000 _ -> change1000 0 <
check100000' 0 -> check1000000' 0 <
check100000' 1 -> find100000 0 <
check100000' + -> remove _ >
find100000 0 -> find100000 0 <
find100000 1 -> find100000 1 <
find100000 + -> change100000 + <
change100000 0 -> change10000 0 <
change100000 1 -> change10000 1 <
change100000 _ -> change10000 0 <
check1000000' 0 -> check10000000' 0 <
check1000000' 1 -> find1000000 0 <
check1000000' + -> remove _ >
find1000000 0 -> find1000000 0 <
find1000000 1 -> find1000000 1 <
find1000000 + -> change1000000 + <
change1000000 0 -> change100000 0 <
change1000000 1 -> change100000 1 <
change1000000 _ -> change100000 0 <
check10000000' 0 -> check100000000' 0 <
check10000000' 1 -> find10000000 0 <
check10000000' + -> remove _ >
find10000000 0 -> find10000000 0 <
find10000000 1 -> find10000000 1 <
find10000000 + -> change10000000 + <
change10000000 0 -> change1000000 0 <
change10000000 1 -> change1000000 1 <
change10000000 _ -> change1000000 0 <
check100000000' 0 -> check1000000000' 0 <
check100000000' 1 -> find100000000 0 <
check100000000' + -> remove _ >
find100000000 0 -> find100000000 0 <
find100000000 1 -> find100000000 1 <
find100000000 + -> change100000000 + <
change100000000 0 -> change10000000 0 <
change100000000 1 -> change10000000 1 <
change100000000 _ -> change10000000 0 <
check1000000000' 0 -> check10000000000' 0 <
check1000000000' 1 -> find1000000000 0 <
check1000000000' + -> remove _ >
find1000000000 0 -> find1000000000 0 <
find1000000000 1 -> find1000000000 1 <
find1000000000 + -> change1000000000 + <
change1000000000 0 -> change100000000 0 <
change1000000000 1 -> change100000000 1 <
change1000000000 _ -> change100000000 0 <
check10000000000' 0 -> check100000000000' 0 <
check10000000000' 1 -> find10000000000 0 <
check10000000000' + -> remove _ >
find10000000000 0 -> find10000000000 0 <
find10000000000 1 -> find10000000000 1 <
find10000000000 + -> change10000000000 + <
change10000000000 0 -> change1000000000 0 <
change10000000000 1 -> change1000000000 1 <
change10000000000 _ -> change1000000000 0 <
check100000000000' 0 -> check1000000000000' 0 <
check100000000000' 1 -> find100000000000 0 <
check100000000000' + -> remove _ >
find100000000000 0 -> find100000000000 0 <
find100000000000 1 -> find100000000000 1 <
find100000000000 + -> change100000000000 + <
change100000000000 0 -> change10000000000 0 <
change100000000000 1 -> change10000000000 1 <
change100000000000 _ -> change10000000000 0 <
check1000000000000' 0 -> check10000000000000' 0 <
check1000000000000' 1 -> find1000000000000 0 <
check1000000000000' + -> remove _ >
find1000000000000 0 -> find1000000000000 0 <
find1000000000000 1 -> find1000000000000 1 <
find1000000000000 + -> change1000000000000 + <
change1000000000000 0 -> change100000000000 0 <
change1000000000000 1 -> change100000000000 1 <
change1000000000000 _ -> change100000000000 0 <
check10000000000000' 0 -> check100000000000000' 0 <
check10000000000000' 1 -> find10000000000000 0 <
check10000000000000' + -> remove _ >
find10000000000000 0 -> find10000000000000 0 <
find10000000000000 1 -> find10000000000000 1 <
find10000000000000 + -> change10000000000000 + <
change10000000000000 0 -> change1000000000000 0 <
change10000000000000 1 -> change1000000000000 1 <
change10000000000000 _ -> change1000000000000 0 <
check100000000000000' 0 -> check1000000000000000' 0 <
check100000000000000' 1 -> find100000000000000 0 <
check100000000000000' + -> remove _ >
find100000000000000 0 -> find100000000000000 0 <
find100000000000000 1 -> find100000000000000 1 <
find100000000000000 + -> change100000000000000 + <
change100000000000000 0 -> change10000000000000 0 <
change100000000000000 1 -> change10000000000000 1 <
change100000000000000 _ -> change10000000000000 0 <
check1000000000000000' 0 -> check10000000000000000' 0 <
check1000000000000000' 1 -> find1000000000000000 0 <
check1000000000000000' + -> remove _ >
find1000000000000000 0 -> find1000000000000000 0 <
find1000000000000000 1 -> find1000000000000000 1 <
find1000000000000000 + -> change1000000000000000 + <
change1000000000000000 0 -> change100000000000000 0 <
change1000000000000000 1 -> change100000000000000 1 <
change1000000000000000 _ -> change100000000000000 0 <
check10000000000000000' 0 -> check100000000000000000' 0 <
check10000000000000000' 1 -> find10000000000000000 0 <
check10000000000000000' + -> remove _ >
find10000000000000000 0 -> find10000000000000000 0 <
find10000000000000000 1 -> find10000000000000000 1 <
find10000000000000000 + -> change10000000000000000 + <
change10000000000000000 0 -> change1000000000000000 0 <
change10000000000000000 1 -> change1000000000000000 1 <
change10000000000000000 _ -> change1000000000000000 0 <
check100000000000000000' 0 -> check1000000000000000000' 0 <
check100000000000000000' 1 -> find100000000000000000 0 <
check100000000000000000' + -> remove _ >
find100000000000000000 0 -> find100000000000000000 0 <
find100000000000000000 1 -> find100000000000000000 1 <
find100000000000000000 + -> change100000000000000000 + <
change100000000000000000 0 -> change10000000000000000 0 <
change100000000000000000 1 -> change10000000000000000 1 <
change100000000000000000 _ -> change10000000000000000 0 <
check1000000000000000000' 0 -> check10000000000000000000' 0 <
check1000000000000000000' 1 -> find1000000000000000000 0 <
check1000000000000000000' + -> remove _ >
find1000000000000000000 0 -> find1000000000000000000 0 <
find1000000000000000000 1 -> find1000000000000000000 1 <
find1000000000000000000 + -> change1000000000000000000 + <
change1000000000000000000 0 -> change100000000000000000 0 <
change1000000000000000000 1 -> change100000000000000000 1 <
change1000000000000000000 _ -> change100000000000000000 0 <
check10000000000000000000' 0 -> check100000000000000000000' 0 <
check10000000000000000000' 1 -> find10000000000000000000 0 <
check10000000000000000000' + -> remove _ >
find10000000000000000000 0 -> find10000000000000000000 0 <
find10000000000000000000 1 -> find10000000000000000000 1 <
find10000000000000000000 + -> change10000000000000000000 + <
change10000000000000000000 0 -> change1000000000000000000 0 <
change10000000000000000000 1 -> change1000000000000000000 1 <
change10000000000000000000 _ -> change1000000000000000000 0 <

remove + -> back + <
remove 1 -> remove _ >
remove 0 -> remove _ >
remove _ -> back _ ^
back _ -> back _ <
back 1 -> back' 1 ^
back 0 -> back' 0 ^
back p1 -> back' p1 ^
back p0 -> back' p0 ^

back' 1 -> back1 p1 >
back1 _ -> back1 _ >
back1 p0 -> back1 p0 >
back1 p1 -> back1 p1 >
back1 + -> back1' + <
back1 0 -> back1' 0 <
back1 1 -> back1' 1 <
back1' _ -> back 1 <
back1' 1 -> back 1 <
back1' 0 -> back 1 <
back1' p0 -> back 1 <
back1' p1 -> back 1 <

back' 0 -> back0 p0 >
back0 _ -> back0 _ >
back0 p0 -> back0 p0 >
back0 p1 -> back0 p1 >
back0 + -> back0' + <
back0 1 -> back0' 1 <
back0 0 -> back0' 0 <
back0' _ -> back 0 <
back0' 1 -> back 0 <
back0' 0 -> back 0 <
back0' p0 -> back 0 <
back0' p1 -> back 0 <

back' p1 -> back' p1 <
back' p0 -> back' p0 <
back' _ -> begin _ >

begin p0 -> begin _ >
begin p1 -> begin _ >
begin _ -> begin _ >
begin 0 -> sum 0 ^
begin 1 -> sum 1 ^
