2
S 1 _ -> s 1 < _ ^
S 0 _ -> s 0 < _ ^
s _ _ -> end | > _ ^
end 1 _ -> end 1 > _ ^
end 0 _ -> end 0 > _ ^
end | _ -> end | > _ ^
end _ _ -> begin | < _ ^
begin 1 _ -> begin 1 < _ ^
begin 0 _ -> begin 0 < _ ^
begin | _ -> begin | < _ ^
begin _ _ -> begin' _ > _ ^
begin' _ _ -> begin' _ > _ ^
begin' | _ -> start | > _ ^
start 1 _ -> sec p1 > _ ^
start 0 _ -> sec p0 > _ ^
start | _ -> sr | > _ ^
sr p0 _ -> sr 0 > _ ^
sr p1 _ -> sr 1 > _ ^
sr | _ -> nach | < _ ^
nach 0 _ -> nach 0 < _ ^
nach 1 _ -> nach 1 < _ ^
nach | _ -> nach' | < _ ^
nach' p0 _ -> nach' 0 < _ ^
nach' p1 _ -> nach' 1 < _ ^
nach' | _ -> srr | > _ ^
srr 0 _ -> f0 p0 > _ ^
srr 1 _ -> f1 p1 > _ ^
srr | _ -> g | > _ ^
g p0 _ -> g p0 > _ ^
g p1 _ -> g p1 > _ ^
g | _ -> continue | < _ ^

f1 0 _ -> f1 0 > _ ^
f1 1 _ -> f1 1 > _ ^
f1 | _ -> f1' | > _ ^
f1' 0 _ -> full p0 > _ ^
full 0 _ -> full p0 > _ ^
full 1 _ -> full p1 > _ ^
full | _ -> rename | < _ ^
f1' 1 _ -> bok p1 < _ ^
f1' p0 _ -> f1' p0 > _ ^
f1' p1 _ -> f1' p1 > _ ^

f0 0 _ -> f0 0 > _ ^
f0 1 _ -> f0 1 > _ ^
f0 | _ -> f0' | > _ ^
f0' 0 _ -> bok p0 < _ ^
f0' 1 _ -> continue 1 < _ ^
f0' p0 _ -> f0' p0 > _ ^
f0' p1 _ -> f0' p1 > _ ^

bok p0 _ -> bok p0 < _ ^
bok p1 _ -> bok p1 < _ ^
bok | _ -> bok' | < _ ^
bok' 0 _ -> bok' 0 < _ ^
bok' 1 _ -> bok' 1 < _ ^
bok' p0 _ -> srr p0 > _ ^
bok' p1 _ -> srr p1 > _ ^
bok' | _ -> srr | > _ ^

continue p0 _ -> continue 0 < _ ^
continue p1 _ -> continue 1 < _ ^
continue | _ -> continue' | < _ ^
continue' p0 _ -> continue' 0 < _ ^
continue' p1 _ -> continue' 1 < _ ^
continue' 0 _ -> continue' 0 < _ ^
continue' 1 _ -> continue' 1 < _ ^
continue' | _ -> gg | > _ ^
gg 0 _ -> gg 0 > _ ^
gg 1 _ -> gg 1 > _ ^
gg | _ -> start | > _ ^

sr 0 _ -> kek 0 < _ ^
sr 1 _ -> kek 1 < _ ^
kek 1 _ -> kek 1 < _ ^
kek 0 _ -> kek 0 < _ ^
kek | _ -> kek' | < _ ^
kek' p1 _ -> kek' 1 < _ ^
kek' p0 _ -> kek' 0 < _ ^
kek 1 _ -> kek 1 < _ ^
kek' | _ -> lol | > _ ^
lol 1 _ -> lol 1 > _ ^
lol 0 _ -> lol 0 > _ ^
lol | _ -> start | > _ ^

sec 0 _ -> sec 0 > _ ^
sec 1 _ -> sec 1 > _ ^
sec | _ -> sec' | > _ ^
sec' p0 _ -> sec' p0 > _ ^
sec' p1 _ -> sec' p1 > _ ^
sec' 0 _ -> back p0 < _ ^
sec' 1 _ -> back p1 < _ ^
sec' | _ -> rename | < _ ^
sec' _ _ -> gotostart _ < _ ^
gotostart p0 _ -> gotostart 0 < _ ^
gotostart p1 _ -> gotostart 1 < _ ^
gotostart 0 _ -> gotostart 0 < _ ^
gotostart 1 _ -> gotostart 1 < _ ^
gotostart | _ -> gotostart | < _ ^
gotostart _ _ -> sch _ < _ ^
sch _ _ -> begin' 0 > _ ^
sch 0 _ -> begin' 1 > _ ^
sch 1 _ -> begin' 2 > _ ^
sch 2 _ -> begin' 3 > _ ^
sch 3 _ -> begin' 4 > _ ^
sch 4 _ -> begin' 5 > _ ^
sch 5 _ -> begin' 6 > _ ^
sch 6 _ -> begin' 7 > _ ^
sch 7 _ -> begin' 8 > _ ^
sch 8 _ -> begin' 9 > _ ^
sch 9 _ -> begin' 10 > _ ^
sch 10 _ -> begin' 11 > _ ^
sch 11 _ -> begin' 12 > _ ^
sch 12 _ -> begin' 13 > _ ^
sch 13 _ -> begin' 14 > _ ^
sch 14 _ -> begin' 15 > _ ^
sch 15 _ -> begin' 16 > _ ^
sch 16 _ -> begin' 17 > _ ^
sch 17 _ -> begin' 18 > _ ^
sch 18 _ -> begin' 19 > _ ^
sch 19 _ -> begin' 20 > _ ^
sch 20 _ -> ok _ > _ ^
ok _ _ -> ok _ > _ ^
ok | _ -> ok' _ > _ ^
ok' 0 _ -> ok' 0 > _ ^
ok' 1 _ -> ok' 1 > _ ^
ok' | _ -> ok' | > _ ^
ok' _ _ -> ok'' _ < _ ^
ok'' | _ -> ok''' _ < _ ^
ok''' 0 _ -> ok''' 0 < _ ^
ok''' 1 _ -> ok''' 1 < _ ^
ok''' | _ -> ok''' | < _ ^
ok''' _ _ -> AC _ > _ ^

rename p0 _ -> rename _ < 0 <
rename p1 _ -> rename _ < 1 <
rename | _ -> rename' _ < _ ^
rename' 0 _ -> rename' 0 < _ ^
rename' 1 _ -> rename' 1 < _ ^
rename' p0 _ -> rename' 0 < _ ^
rename' p1 _ -> rename' 1 < _ ^
rename' _ _ -> rename' _ < _ ^
rename' | _ -> per | > _ ^
per 0 _ -> per 0 > _ ^
per 1 _ -> per 1 > _ ^
per _ _ -> per' _ < _ ^
per' 0 _ -> per0 _ > _ ^
per' 1 _ -> per1 _ > _ ^

per0 _ _ -> per0 _ > _ ^
per0 1 _ -> per0 1 > _ ^
per0 0 _ -> per0 0 > _ ^
per0 | _ -> per0' | < _ ^
per0' 0 _ -> per0' 0 < _ ^
per0' 1 _ -> per0' 1 < _ ^
per0' _ _ -> rename' 0 < _ ^

per1 _ _ -> per1 _ > _ ^
per1 1 _ -> per1 1 > _ ^
per1 0 _ -> per1 0 > _ ^
per1 | _ -> per1' | < _ ^
per1' 0 _ -> per1' 0 < _ ^
per1' 1 _ -> per1' 1 < _ ^
per1' _ _ -> rename' 1 < _ ^

per' | _ -> two | > _ >
two _ 1 -> two 1 > _ >
two _ 0 -> two 0 > _ >
two _ _ -> start | > _ ^

back p1 _ -> back p1 < _ ^
back p0 _ -> back p0 < _ ^
back | _ -> back' | < _ ^
back' | _ -> satrt | > _ ^
back' _ _ -> satrt _ > _ ^
back' 0 _ -> back' 0 < _ ^
back' 1 _ -> back' 1 < _ ^
back' p0 _ -> start p0 > _ ^
back' p1 _ -> start p1 > _ ^