start: s
accept: ac
reject: rj
blank: _
s _ -> gotostart _ <
s 0 -> n 0 >
s 1 -> n 1 >
n 0 -> s 0 >
n 1 -> s 1 >
n _ -> remove _ <
remove 1 -> remove _ <
remove 0 -> remove _ <
remove _ -> rj _ ^

gotostart 0 -> gotostart 0 <
gotostart 1 -> gotostart 1 <
gotostart _ -> f0 _ >

f0 1 -> f1 1 >
f0 0 -> f1 0 >
che0 0 -> gotoend p2 >
che0 1 -> gotoend p3 >
f1 1 -> f2 1 >
f1 0 -> f2 0 >
f2 1 -> f3 1 >
f2 0 -> f3 0 >
f2 _ -> che1 _ <
che1 1 -> che0 1 <
che1 0 -> che0 0 <
f3 1 -> f4 1 >
f3 0 -> f4 0 >
f4 1 -> f5 1 >
f4 0 -> f5 0 >
f4 _ -> che2 _ <
che2 1 -> che1 1 <
che2 0 -> che1 0 <
f5 1 -> f6 1 >
f5 0 -> f6 0 >
f6 1 -> f7 1 >
f6 0 -> f7 0 >
f6 _ -> che3 _ <
che3 1 -> che2 1 <
che3 0 -> che2 0 <
f7 1 -> f8 1 >
f7 0 -> f8 0 >
f8 1 -> f9 1 >
f8 0 -> f9 0 >
f8 _ -> che4 _ <
che4 1 -> che3 1 <
che4 0 -> che3 0 <
f9 1 -> f10 1 >
f9 0 -> f10 0 >
f10 1 -> f11 1 >
f10 0 -> f11 0 >
f10 _ -> che5 _ <
che5 1 -> che4 1 <
che5 0 -> che4 0 <
f11 1 -> f12 1 >
f11 0 -> f12 0 >
f12 1 -> f13 1 >
f12 0 -> f13 0 >
f12 _ -> che6 _ <
che6 1 -> che5 1 <
che6 0 -> che5 0 <
f13 1 -> f14 1 >
f13 0 -> f14 0 >
f14 1 -> f15 1 >
f14 0 -> f15 0 >
f14 _ -> che7 _ <
che7 1 -> che6 1 <
che7 0 -> che6 0 <
f15 1 -> f16 1 >
f15 0 -> f16 0 >
f16 1 -> f17 1 >
f16 0 -> f17 0 >
f16 _ -> che8 _ <
che8 1 -> che7 1 <
che8 0 -> che7 0 <
f17 1 -> f18 1 >
f17 0 -> f18 0 >
f18 1 -> f19 1 >
f18 0 -> f19 0 >
f18 _ -> che9 _ <
che9 1 -> che8 1 <
che9 0 -> che8 0 <
f19 1 -> f20 1 >
f19 0 -> f20 0 >
f20 1 -> f21 1 >
f20 0 -> f21 0 >
f20 _ -> che10 _ <
che10 1 -> che9 1 <
che10 0 -> che9 0 <
f21 1 -> f22 1 >
f21 0 -> f22 0 >
f22 1 -> f23 1 >
f22 0 -> f23 0 >
f22 _ -> che11 _ <
che11 1 -> che10 1 <
che11 0 -> che10 0 <
f23 1 -> f24 1 >
f23 0 -> f24 0 >
f24 1 -> f25 1 >
f24 0 -> f25 0 >
f24 _ -> che12 _ <
che12 1 -> che11 1 <
che12 0 -> che11 0 <
f25 1 -> f26 1 >
f25 0 -> f26 0 >
f26 1 -> f27 1 >
f26 0 -> f27 0 >
f26 _ -> che13 _ <
che13 1 -> che12 1 <
che13 0 -> che12 0 <
f27 1 -> f28 1 >
f27 0 -> f28 0 >
f28 1 -> f29 1 >
f28 0 -> f29 0 >
f28 _ -> che14 _ <
che14 1 -> che13 1 <
che14 0 -> che13 0 <
f29 1 -> f30 1 >
f29 0 -> f30 0 >
f30 1 -> f31 1 >
f30 0 -> f31 0 >
f30 _ -> che15 _ <
che15 1 -> che14 1 <
che15 0 -> che14 0 <
f31 1 -> f32 1 >
f31 0 -> f32 0 >
f32 1 -> f33 1 >
f32 0 -> f33 0 >
f32 _ -> che16 _ <
che16 1 -> che15 1 <
che16 0 -> che15 0 <
f33 1 -> f34 1 >
f33 0 -> f34 0 >
f34 1 -> f35 1 >
f34 0 -> f35 0 >
f34 _ -> che17 _ <
che17 1 -> che16 1 <
che17 0 -> che16 0 <
f35 1 -> f36 1 >
f35 0 -> f36 0 >
f36 1 -> f37 1 >
f36 0 -> f37 0 >
f36 _ -> che18 _ <
che18 1 -> che17 1 <
che18 0 -> che17 0 <
f37 1 -> f38 1 >
f37 0 -> f38 0 >
f38 1 -> f39 1 >
f38 0 -> f39 0 >
f38 _ -> che19 _ <
che19 1 -> che18 1 <
che19 0 -> che18 0 <
f39 1 -> f40 1 >
f39 0 -> f40 0 >
f40 1 -> f41 1 >
f40 0 -> f41 0 >
f40 _ -> che20 _ <
che20 1 -> che19 1 <
che20 0 -> che19 0 <
f41 1 -> f42 1 >
f41 0 -> f42 0 >
f42 1 -> f43 1 >
f42 0 -> f43 0 >
f42 _ -> che21 _ <
che21 1 -> che20 1 <
che21 0 -> che20 0 <
f43 1 -> f44 1 >
f43 0 -> f44 0 >
f44 1 -> f45 1 >
f44 0 -> f45 0 >
f44 _ -> che22 _ <
che22 1 -> che21 1 <
che22 0 -> che21 0 <
f45 1 -> f46 1 >
f45 0 -> f46 0 >
f46 1 -> f47 1 >
f46 0 -> f47 0 >
f46 _ -> che23 _ <
che23 1 -> che22 1 <
che23 0 -> che22 0 <
f47 1 -> f48 1 >
f47 0 -> f48 0 >
f48 1 -> f49 1 >
f48 0 -> f49 0 >
f48 _ -> che24 _ <
che24 1 -> che23 1 <
che24 0 -> che23 0 <
f49 1 -> f50 1 >
f49 0 -> f50 0 >
f50 1 -> f51 1 >
f50 0 -> f51 0 >
f50 _ -> che25 _ <
che25 1 -> che24 1 <
che25 0 -> che24 0 <
f51 1 -> f52 1 >
f51 0 -> f52 0 >
f52 1 -> f53 1 >
f52 0 -> f53 0 >
f52 _ -> che26 _ <
che26 1 -> che25 1 <
che26 0 -> che25 0 <
f53 1 -> f54 1 >
f53 0 -> f54 0 >
f54 1 -> f55 1 >
f54 0 -> f55 0 >
f54 _ -> che27 _ <
che27 1 -> che26 1 <
che27 0 -> che26 0 <
f55 1 -> f56 1 >
f55 0 -> f56 0 >
f56 1 -> f57 1 >
f56 0 -> f57 0 >
f56 _ -> che28 _ <
che28 1 -> che27 1 <
che28 0 -> che27 0 <
f57 1 -> f58 1 >
f57 0 -> f58 0 >
f58 1 -> f59 1 >
f58 0 -> f59 0 >
f58 _ -> che29 _ <
che29 1 -> che28 1 <
che29 0 -> che28 0 <
f59 1 -> f60 1 >
f59 0 -> f60 0 >
f60 1 -> f61 1 >
f60 0 -> f61 0 >
f60 _ -> che30 _ <
che30 1 -> che29 1 <
che30 0 -> che29 0 <
f61 1 -> f62 1 >
f61 0 -> f62 0 >
f62 1 -> f63 1 >
f62 0 -> f63 0 >
f62 _ -> che31 _ <
che31 1 -> che30 1 <
che31 0 -> che30 0 <
f63 1 -> f64 1 >
f63 0 -> f64 0 >
f64 1 -> f65 1 >
f64 0 -> f65 0 >
f64 _ -> che32 _ <
che32 1 -> che31 1 <
che32 0 -> che31 0 <
f65 1 -> f66 1 >
f65 0 -> f66 0 >
f66 1 -> f67 1 >
f66 0 -> f67 0 >
f66 _ -> che33 _ <
che33 1 -> che32 1 <
che33 0 -> che32 0 <
f67 1 -> f68 1 >
f67 0 -> f68 0 >
f68 1 -> f69 1 >
f68 0 -> f69 0 >
f68 _ -> che34 _ <
che34 1 -> che33 1 <
che34 0 -> che33 0 <
f69 1 -> f70 1 >
f69 0 -> f70 0 >
f70 1 -> f71 1 >
f70 0 -> f71 0 >
f70 _ -> che35 _ <
che35 1 -> che34 1 <
che35 0 -> che34 0 <
f71 1 -> f72 1 >
f71 0 -> f72 0 >
f72 1 -> f73 1 >
f72 0 -> f73 0 >
f72 _ -> che36 _ <
che36 1 -> che35 1 <
che36 0 -> che35 0 <
f73 1 -> f74 1 >
f73 0 -> f74 0 >
f74 1 -> f75 1 >
f74 0 -> f75 0 >
f74 _ -> che37 _ <
che37 1 -> che36 1 <
che37 0 -> che36 0 <
f75 1 -> f76 1 >
f75 0 -> f76 0 >
f76 1 -> f77 1 >
f76 0 -> f77 0 >
f76 _ -> che38 _ <
che38 1 -> che37 1 <
che38 0 -> che37 0 <
f77 1 -> f78 1 >
f77 0 -> f78 0 >
f78 1 -> f79 1 >
f78 0 -> f79 0 >
f78 _ -> che39 _ <
che39 1 -> che38 1 <
che39 0 -> che38 0 <
f79 1 -> f80 1 >
f79 0 -> f80 0 >
f80 1 -> f81 1 >
f80 0 -> f81 0 >
f80 _ -> che40 _ <
che40 1 -> che39 1 <
che40 0 -> che39 0 <
f81 1 -> f82 1 >
f81 0 -> f82 0 >
f82 1 -> f83 1 >
f82 0 -> f83 0 >
f82 _ -> che41 _ <
che41 1 -> che40 1 <
che41 0 -> che40 0 <
f83 1 -> f84 1 >
f83 0 -> f84 0 >
f84 1 -> f85 1 >
f84 0 -> f85 0 >
f84 _ -> che42 _ <
che42 1 -> che41 1 <
che42 0 -> che41 0 <
f85 1 -> f86 1 >
f85 0 -> f86 0 >
f86 1 -> f87 1 >
f86 0 -> f87 0 >
f86 _ -> che43 _ <
che43 1 -> che42 1 <
che43 0 -> che42 0 <
f87 1 -> f88 1 >
f87 0 -> f88 0 >
f88 1 -> f89 1 >
f88 0 -> f89 0 >
f88 _ -> che44 _ <
che44 1 -> che43 1 <
che44 0 -> che43 0 <
f89 1 -> f90 1 >
f89 0 -> f90 0 >
f90 1 -> f91 1 >
f90 0 -> f91 0 >
f90 _ -> che45 _ <
che45 1 -> che44 1 <
che45 0 -> che44 0 <
f91 1 -> f92 1 >
f91 0 -> f92 0 >
f92 1 -> f93 1 >
f92 0 -> f93 0 >
f92 _ -> che46 _ <
che46 1 -> che45 1 <
che46 0 -> che45 0 <
f93 1 -> f94 1 >
f93 0 -> f94 0 >
f94 1 -> f95 1 >
f94 0 -> f95 0 >
f94 _ -> che47 _ <
che47 1 -> che46 1 <
che47 0 -> che46 0 <
f95 1 -> f96 1 >
f95 0 -> f96 0 >
f96 1 -> f97 1 >
f96 0 -> f97 0 >
f96 _ -> che48 _ <
che48 1 -> che47 1 <
che48 0 -> che47 0 <
f97 1 -> f98 1 >
f97 0 -> f98 0 >
f98 1 -> f99 1 >
f98 0 -> f99 0 >
f98 _ -> che49 _ <
che49 1 -> che48 1 <
che49 0 -> che48 0 <
f99 1 -> f100 1 >
f99 0 -> f100 0 >
f100 1 -> f101 1 >
f100 0 -> f101 0 >
f100 _ -> che50 _ <
che50 1 -> che49 1 <
che50 0 -> che49 0 <
f101 1 -> f102 1 >
f101 0 -> f102 0 >
f102 1 -> f103 1 >
f102 0 -> f103 0 >
f102 _ -> che51 _ <
che51 1 -> che50 1 <
che51 0 -> che50 0 <
f103 1 -> f104 1 >
f103 0 -> f104 0 >
f104 1 -> f105 1 >
f104 0 -> f105 0 >
f104 _ -> che52 _ <
che52 1 -> che51 1 <
che52 0 -> che51 0 <

gotoend 0 -> gotoend 0 >
gotoend 1 -> gotoend 1 >
gotoend _ -> print _ <

print _ -> ac _ >
print 0 -> f'0 p0 >
f'0 0 -> f'0 0 >
f'0 1 -> f'0 1 >
f'0 p0 -> f'0 p0 >
f'0 p1 -> f'0 p1 >
f'0 _ -> back 0 ^
print 1 -> f'1 p1 >
f'1 0 -> f'1 0 >
f'1 1 -> f'1 1 >
f'1 p0 -> f'1 p0 >
f'1 p1 -> f'1 p1 >
f'1 _ -> back 1 ^
back 1 -> back 1 <
back 0 -> back 0 <
back p0 -> find p0 ^
back p1 -> find p1 ^
find p0 -> find p0 <
find p1 -> find p1 <
find 0 -> print 0 ^
find 1 -> print 1 ^
find p3 -> start 1 ^
find p2 -> start 0 ^
start 0 -> start 0 <
start 1 -> start 1 <
start p1 -> start p1 <
start p0 -> start p0 <
start _ -> check _ >

check p0 -> check _ >
check p1 -> check _ >
check _ -> ac _ ^

check 1 -> ch1 _ >
ch1 1 -> ch1 1 >
ch1 0 -> ch1 0 >
ch1 p1 -> ch1 p1 >
ch1 p0 -> ch1 p0 >
ch1 _ -> del1 _ <
del1 1 -> start _ <
del1 0 -> del _ <

check 0 -> ch0 _ >
ch0 1 -> ch0 1 >
ch0 0 -> ch0 0 >
ch0 p1 -> ch0 p1 >
ch0 p0 -> ch0 p0 >
ch0 _ -> del0 _ <
del0 0 -> start _ <
del0 1 -> del _ <

del 0 -> del _ <
del 1 -> del _ <
del p0 -> del p0 <
del p1 -> del p1 <
del _ -> rj _ ^